/*C12*/SET SCHEMA PUBLIC
SET SCHEMA "PUBLIC"
INSERT INTO EVENTS VALUES('9da36c94-e2b3-4153-b60c-c95941e6cf33','Zezo!NewEvent 3.0','Aprenda Java de forma gratuita e rapida!','zezonewevent-30',2)
COMMIT
INSERT INTO ATTENDEES VALUES('0947a739-436a-40de-8db2-2d5ba7cff2ee','Fabio Kruschelski zezo 2','zezo2@zezo.com','9da36c94-e2b3-4153-b60c-c95941e6cf33','2024-05-03 17:40:44.860859')
COMMIT
DISCONNECT
/*C13*/SET SCHEMA PUBLIC
DISCONNECT
/*C14*/SET SCHEMA PUBLIC
DISCONNECT
/*C15*/SET SCHEMA PUBLIC
DISCONNECT
/*C16*/SET SCHEMA PUBLIC
DISCONNECT
/*C17*/SET SCHEMA PUBLIC
DISCONNECT
/*C18*/SET SCHEMA PUBLIC
DISCONNECT
/*C19*/SET SCHEMA PUBLIC
DISCONNECT
/*C20*/SET SCHEMA PUBLIC
DISCONNECT
/*C21*/SET SCHEMA PUBLIC
DISCONNECT
